2016-10-16 17:29:05.721 - Log.master - INFO - Starting the DistAlgo Project with config file: ../config/dollarValue.ini
2016-10-16 17:29:05.800 - Log.master - INFO - Number of coordinators = 3
2016-10-16 17:29:05.801 - Log.master - INFO - Number of clients = 2
2016-10-16 17:29:05.801 - Log.master - INFO - Number of workers per coordinator = 2
2016-10-16 17:29:05.805 - Log.database - INFO - Started Database Instance with dbInitFile = ../config/dbPolicy.xml, Min DB Latency = 1 and Max DB Latency = 5
2016-10-16 17:29:05.806 - Log.database - INFO - Initialized DB with:
	Subject Attributes = {'3333': {'position': 'listener'}, '1111': {'position': 'employee', 'history': ''}, '2222': {'position': 'viewer'}, '4444': {'viewCount': '0', 'name': 'Tom'}}
	Resource Attributes = {'777': {'viewCount': '0', 'type': 'song'}, '666': {'movie': 'StarWars'}, '888': {'viewCount': '0', 'type': 'movie'}, '999': {'id': 'bank A'}}
2016-10-16 17:29:05.808 - Log.client - INFO - Started Client 1
2016-10-16 17:29:05.809 - Log.client - INFO - Started Client 2
2016-10-16 17:29:05.809 - Log.client - INFO - Client 1 sending Request{Subject ID: 1111, Resource ID: 999, action: read} to coordinator 1
2016-10-16 17:29:05.810 - Log.client - INFO - Client 2 sending Request{Subject ID: 1111, Resource ID: 999, action: read} to coordinator 1
2016-10-16 17:29:05.844 - Log.worker - INFO - Started worker to evaluate policy in file: ../config/policy-example.xml
2016-10-16 17:29:05.845 - Log.worker - INFO - Started worker to evaluate policy in file: ../config/policy-example.xml
2016-10-16 17:29:05.835 - Log.coordinator - INFO - Starting Coordinator with 2 workers
2016-10-16 17:29:05.846 - Log.worker - INFO - Started worker to evaluate policy in file: ../config/policy-example.xml
2016-10-16 17:29:05.847 - Log.worker - DEBUG - Content of Policy File: {'conflict3': [<util.PolicyRule object at 0x101a6b400>], 'conflict1': [<util.PolicyRule object at 0x101a6b390>], 'viewOnSubject': [<util.PolicyRule object at 0x101a6b358>], 'read': [<util.PolicyRule object at 0x101a5d240>, <util.PolicyRule object at 0x101a653c8>, <util.PolicyRule object at 0x101a654e0>, <util.PolicyRule object at 0x101a6b2b0>], 'conflict2': [<util.PolicyRule object at 0x101a6b3c8>], 'viewOnResource': [<util.PolicyRule object at 0x101a6b2e8>], 'view': [<util.PolicyRule object at 0x101a6b320>]}
2016-10-16 17:29:05.848 - Log.worker - DEBUG - Content of Policy File: {'conflict3': [<util.PolicyRule object at 0x101a6b5c0>], 'conflict1': [<util.PolicyRule object at 0x101a6b550>], 'viewOnSubject': [<util.PolicyRule object at 0x101a6b518>], 'read': [<util.PolicyRule object at 0x101a5d240>, <util.PolicyRule object at 0x101a64588>, <util.PolicyRule object at 0x101a646a0>, <util.PolicyRule object at 0x101a6b470>], 'conflict2': [<util.PolicyRule object at 0x101a6b588>], 'viewOnResource': [<util.PolicyRule object at 0x101a6b4a8>], 'view': [<util.PolicyRule object at 0x101a6b4e0>]}
2016-10-16 17:29:05.849 - Log.worker - DEBUG - Content of Policy File: {'conflict3': [<util.PolicyRule object at 0x101a6b828>], 'conflict1': [<util.PolicyRule object at 0x101a6b7b8>], 'viewOnSubject': [<util.PolicyRule object at 0x101a6b780>], 'read': [<util.PolicyRule object at 0x101a640b8>, <util.PolicyRule object at 0x101a647f0>, <util.PolicyRule object at 0x101a64908>, <util.PolicyRule object at 0x101a6b6d8>], 'conflict2': [<util.PolicyRule object at 0x101a6b7f0>], 'viewOnResource': [<util.PolicyRule object at 0x101a6b710>], 'view': [<util.PolicyRule object at 0x101a6b748>]}
2016-10-16 17:29:05.848 - Log.worker - INFO - Started worker to evaluate policy in file: ../config/policy-example.xml
2016-10-16 17:29:05.839 - Log.coordinator - INFO - Starting Coordinator with 2 workers
2016-10-16 17:29:05.850 - Log.worker - DEBUG - Content of Policy File: {'conflict3': [<util.PolicyRule object at 0x101a6b630>], 'conflict1': [<util.PolicyRule object at 0x101a6b5c0>], 'viewOnSubject': [<util.PolicyRule object at 0x101a6b588>], 'read': [<util.PolicyRule object at 0x101a5b518>, <util.PolicyRule object at 0x101a645f8>, <util.PolicyRule object at 0x101a64710>, <util.PolicyRule object at 0x101a6b4e0>], 'conflict2': [<util.PolicyRule object at 0x101a6b5f8>], 'viewOnResource': [<util.PolicyRule object at 0x101a6b518>], 'view': [<util.PolicyRule object at 0x101a6b550>]}
2016-10-16 17:29:05.851 - Log.coordinator - INFO - Subject Coordinator: Received request with following parameters from Client:
	Subject ID = 1111
	Resource ID = 999
	Action = read
2016-10-16 17:29:05.852 - Log.coordinator - INFO - Subject Coordinator: Sending the following parameters to Resource Coordinator:
	Request ID = 0ff638c9-6ad8-46d6-b1f3-92e65df8d552
	Subject ID = 1111
	Resource ID = 999
	Action = read
	Subject Attribute Map = {}
	Resource Attribute Map = {}
2016-10-16 17:29:05.856 - Log.coordinator - INFO - Resource Coordinator: Received the following parameters from Subject Coordinator:
	Request ID = 0ff638c9-6ad8-46d6-b1f3-92e65df8d552
	Subject ID = 1111
	Resource ID = 999
	Action = read
	Subject Attribute Map = {}
	Resource Attribute Map = {}
2016-10-16 17:29:05.857 - Log.coordinator - INFO - Subject Coordinator: Received request with following parameters from Client:
	Subject ID = 1111
	Resource ID = 999
	Action = read
2016-10-16 17:29:05.857 - Log.coordinator - INFO - Resource Coordinator: Sending the following parameters to Worker:
	Request ID = 0ff638c9-6ad8-46d6-b1f3-92e65df8d552
	Subject ID = 1111
	Resource ID = 999
	Action = read
	Subject Attribute Map = {}
	Resource Attribute Map = {}
2016-10-16 17:29:05.857 - Log.coordinator - INFO - Subject Coordinator: Sending the following parameters to Resource Coordinator:
	Request ID = 93fdec41-e552-4e9b-acc4-50a8df4f1ec6
	Subject ID = 1111
	Resource ID = 999
	Action = read
	Subject Attribute Map = {}
	Resource Attribute Map = {}
2016-10-16 17:29:05.859 - Log.worker - INFO - Started worker to evaluate policy in file: ../config/policy-example.xml
2016-10-16 17:29:05.861 - Log.worker - INFO - Started worker to evaluate policy in file: ../config/policy-example.xml
2016-10-16 17:29:05.857 - Log.coordinator - INFO - Starting Coordinator with 2 workers
2016-10-16 17:29:05.860 - Log.worker - DEBUG - Content of Policy File: {'conflict3': [<util.PolicyRule object at 0x101a6b320>], 'conflict1': [<util.PolicyRule object at 0x101a6b2b0>], 'viewOnSubject': [<util.PolicyRule object at 0x101a6b278>], 'read': [<util.PolicyRule object at 0x101a5db70>, <util.PolicyRule object at 0x101a652e8>, <util.PolicyRule object at 0x101a65400>, <util.PolicyRule object at 0x101a6b1d0>], 'conflict2': [<util.PolicyRule object at 0x101a6b2e8>], 'viewOnResource': [<util.PolicyRule object at 0x101a6b208>], 'view': [<util.PolicyRule object at 0x101a6b240>]}
2016-10-16 17:29:05.862 - Log.worker - INFO - Received message from coordinator for Request:
	Subject ID: 1111
	Resource ID: 1111
	Action: read}
2016-10-16 17:29:05.862 - Log.worker - DEBUG - Content of Policy File: {'conflict3': [<util.PolicyRule object at 0x101a66160>], 'conflict1': [<util.PolicyRule object at 0x101a660f0>], 'viewOnSubject': [<util.PolicyRule object at 0x101a660b8>], 'read': [<util.PolicyRule object at 0x101a5d9b0>, <util.PolicyRule object at 0x101a64128>, <util.PolicyRule object at 0x101a64240>, <util.PolicyRule object at 0x101a64fd0>], 'conflict2': [<util.PolicyRule object at 0x101a66128>], 'viewOnResource': [<util.PolicyRule object at 0x101a66048>], 'view': [<util.PolicyRule object at 0x101a66080>]}
2016-10-16 17:29:05.863 - Log.worker - INFO - Sending message to initiate database read for attributes not in cache for Request:
	Request ID = 0ff638c9-6ad8-46d6-b1f3-92e65df8d552
	Subject ID = 1111
	Resource ID = 999
	Action = read
	Subject Attribute Map = {}
	Resource Attribute Map = {}
2016-10-16 17:29:05.865 - Log.coordinator - INFO - Resource Coordinator: Received the following parameters from Subject Coordinator:
	Request ID = 93fdec41-e552-4e9b-acc4-50a8df4f1ec6
	Subject ID = 1111
	Resource ID = 999
	Action = read
	Subject Attribute Map = {}
	Resource Attribute Map = {}
2016-10-16 17:29:05.866 - Log.coordinator - INFO - Resource Coordinator: Sending the following parameters to Worker:
	Request ID = 93fdec41-e552-4e9b-acc4-50a8df4f1ec6
	Subject ID = 1111
	Resource ID = 999
	Action = read
	Subject Attribute Map = {}
	Resource Attribute Map = {}
2016-10-16 17:29:05.869 - Log.worker - INFO - Received message from coordinator for Request:
	Subject ID: 1111
	Resource ID: 1111
	Action: read}
2016-10-16 17:29:05.869 - Log.database - INFO - Received request from Worker to get attributes for following request:
	Request ID = 0ff638c9-6ad8-46d6-b1f3-92e65df8d552
	Subject ID = 1111
	Resource ID = 999
	Action = read
	Subject Attribute Map = {}
	Resource Attribute Map = {}
2016-10-16 17:29:05.870 - Log.worker - INFO - Sending message to initiate database read for attributes not in cache for Request:
	Request ID = 93fdec41-e552-4e9b-acc4-50a8df4f1ec6
	Subject ID = 1111
	Resource ID = 999
	Action = read
	Subject Attribute Map = {}
	Resource Attribute Map = {}
2016-10-16 17:29:05.870 - Log.database - INFO - Sending following response to Worker with updated attributes from database:
	Request ID = 0ff638c9-6ad8-46d6-b1f3-92e65df8d552
	Subject ID = 1111
	Resource ID = 999
	Action = read
	Subject Attribute Map = {}
	Resource Attribute Map = {}
	Evaluation Result = True
	Subject Map read from DB = {'position': 'employee', 'history': ''}
	Resource Map read from DB = {'id': 'bank A'}
2016-10-16 17:29:05.873 - Log.worker - INFO - Received following DB response:
	Request ID = 0ff638c9-6ad8-46d6-b1f3-92e65df8d552
	Subject ID = 1111
	Resource ID = 999
	Action = read
	Subject Attribute Map = {}
	Resource Attribute Map = {}
	Evaluation Result = True
	Subject Map read from DB = {'position': 'employee', 'history': ''}
	Resource Map read from DB = {'id': 'bank A'}
2016-10-16 17:29:05.874 - Log.database - INFO - Received request from Worker to get attributes for following request:
	Request ID = 93fdec41-e552-4e9b-acc4-50a8df4f1ec6
	Subject ID = 1111
	Resource ID = 999
	Action = read
	Subject Attribute Map = {}
	Resource Attribute Map = {}
2016-10-16 17:29:05.874 - Log.worker - INFO - Sending following Worker Response to Subject Coordinator:
	Request ID = 0ff638c9-6ad8-46d6-b1f3-92e65df8d552
	Subject ID = 1111
	Resource ID = 999
	Action = read
	Subject Attribute Map = {}
	Resource Attribute Map = {}
	Evaluation Result = True
	Subject Map read from DB = {'position': 'employee', 'history': ''}
	Resource Map read from DB = {'id': 'bank A'}
	Map with updated subject attributes = {'history': 'bank A'}
	Map with updated resource attributes = {}
	Map with read subject attributes = {}
	Map with read resource attributes = {}
2016-10-16 17:29:05.875 - Log.database - INFO - Sending following response to Worker with updated attributes from database:
	Request ID = 93fdec41-e552-4e9b-acc4-50a8df4f1ec6
	Subject ID = 1111
	Resource ID = 999
	Action = read
	Subject Attribute Map = {}
	Resource Attribute Map = {}
	Evaluation Result = True
	Subject Map read from DB = {'position': 'employee', 'history': ''}
	Resource Map read from DB = {'id': 'bank A'}
2016-10-16 17:29:05.877 - Log.coordinator - INFO - Subject Coordinator: Received the following parameters from Worker:
	Request ID = 0ff638c9-6ad8-46d6-b1f3-92e65df8d552
	Subject ID = 1111
	Resource ID = 999
	Action = read
	Subject Attribute Map = {}
	Resource Attribute Map = {}
	Evaluation Result = True
	Subject Map read from DB = {'position': 'employee', 'history': ''}
	Resource Map read from DB = {'id': 'bank A'}
	Map with updated subject attributes = {'history': 'bank A'}
	Map with updated resource attributes = {}
	Map with read subject attributes = {}
	Map with read resource attributes = {}
2016-10-16 17:29:05.877 - Log.worker - INFO - Received following DB response:
	Request ID = 93fdec41-e552-4e9b-acc4-50a8df4f1ec6
	Subject ID = 1111
	Resource ID = 999
	Action = read
	Subject Attribute Map = {}
	Resource Attribute Map = {}
	Evaluation Result = True
	Subject Map read from DB = {'position': 'employee', 'history': ''}
	Resource Map read from DB = {'id': 'bank A'}
2016-10-16 17:29:05.878 - Log.coordinator - INFO - Subject Coordinator: No conflicts in subject attributes. Sending response to Resource Coordinator to check for resource attribute conflicts: 
	Request ID = 0ff638c9-6ad8-46d6-b1f3-92e65df8d552
	Subject ID = 1111
	Resource ID = 999
	Action = read
	Subject Attribute Map = {}
	Resource Attribute Map = {}
	Evaluation Result = True
	Subject Map read from DB = {'position': 'employee', 'history': ''}
	Resource Map read from DB = {'id': 'bank A'}
	Map with updated subject attributes = {'history': 'bank A'}
	Map with updated resource attributes = {}
	Map with read subject attributes = {}
	Map with read resource attributes = {}
2016-10-16 17:29:05.878 - Log.worker - INFO - Sending following Worker Response to Subject Coordinator:
	Request ID = 93fdec41-e552-4e9b-acc4-50a8df4f1ec6
	Subject ID = 1111
	Resource ID = 999
	Action = read
	Subject Attribute Map = {}
	Resource Attribute Map = {}
	Evaluation Result = True
	Subject Map read from DB = {'position': 'employee', 'history': ''}
	Resource Map read from DB = {'id': 'bank A'}
	Map with updated subject attributes = {'history': 'bank A'}
	Map with updated resource attributes = {}
	Map with read subject attributes = {}
	Map with read resource attributes = {}
2016-10-16 17:29:05.883 - Log.coordinator - INFO - Resource Coordinator: Received the following response from Subject Coordinator to check for resource attribute conflicts: 
	Request ID = 0ff638c9-6ad8-46d6-b1f3-92e65df8d552
	Subject ID = 1111
	Resource ID = 999
	Action = read
	Subject Attribute Map = {}
	Resource Attribute Map = {}
	Evaluation Result = True
	Subject Map read from DB = {'position': 'employee', 'history': ''}
	Resource Map read from DB = {'id': 'bank A'}
	Map with updated subject attributes = {'history': 'bank A'}
	Map with updated resource attributes = {}
	Map with read subject attributes = {}
	Map with read resource attributes = {}
2016-10-16 17:29:05.885 - Log.coordinator - INFO - Resource Coordinator: Sending message to DB to commit the updated resource attributes: {'999': {}}
2016-10-16 17:29:05.885 - Log.coordinator - INFO - Subject Coordinator: Received the following parameters from Worker:
	Request ID = 93fdec41-e552-4e9b-acc4-50a8df4f1ec6
	Subject ID = 1111
	Resource ID = 999
	Action = read
	Subject Attribute Map = {}
	Resource Attribute Map = {}
	Evaluation Result = True
	Subject Map read from DB = {'position': 'employee', 'history': ''}
	Resource Map read from DB = {'id': 'bank A'}
	Map with updated subject attributes = {'history': 'bank A'}
	Map with updated resource attributes = {}
	Map with read subject attributes = {}
	Map with read resource attributes = {}
2016-10-16 17:29:05.886 - Log.database - INFO - Received to update database for resource attributes with map: {'999': {}}. Accounting DB latency, will wait for latency of value 3 units duration before committing to DB
2016-10-16 17:29:05.887 - Log.coordinator - INFO - Resource Coordinator: Sending  back the response to Subject Coordinator with status 'conflict in resource attributes happened = False'
2016-10-16 17:29:05.888 - Log.coordinator - INFO - Subject Coordinator: Received following response from Resource Coordinator with:
	'conflict in resource attributes happened = False'

	Request ID = 0ff638c9-6ad8-46d6-b1f3-92e65df8d552
	Subject ID = 1111
	Resource ID = 999
	Action = read
	Subject Attribute Map = {}
	Resource Attribute Map = {}
	Evaluation Result = True
	Subject Map read from DB = {'position': 'employee', 'history': ''}
	Resource Map read from DB = {'id': 'bank A'}
	Map with updated subject attributes = {'history': 'bank A'}
	Map with updated resource attributes = {}
	Map with read subject attributes = {}
	Map with read resource attributes = {}
2016-10-16 17:29:05.889 - Log.coordinator - INFO - Subject Coordinator: Sending success result to Client:
	Evaluation Result = Allow
	Subject ID = 1111
	Resource ID = 999
	Action = read
2016-10-16 17:29:05.890 - Log.client - INFO - Allow access to client 2 for Request{Subject ID: 1111, Resource ID: 999, action: read}
2016-10-16 17:29:05.890 - Log.coordinator - INFO - Subject Coordinator: Sending message to DB to commit the updated subject attributes: {'history': 'bank A'}
2016-10-16 17:29:05.892 - Log.database - INFO - Received to update database for subject attributes with map: {'1111': {'history': 'bank A'}}. Accounting DB latency, will wait for latency of value 3 units duration before committing to DB
2016-10-16 17:29:05.892 - Log.coordinator - INFO - Subject Coordinator: Conflict Happened: The attribute history read from database for Request ID = 93fdec41-e552-4e9b-acc4-50a8df4f1ec6, was updated by a previous request
2016-10-16 17:29:05.892 - Log.coordinator - INFO - Subject Coordinator: Restarting request due to conflict in subject attribute(s) for request:
	Subject ID = 1111
	Resource ID = 999
	Action = read
2016-10-16 17:29:05.894 - Log.coordinator - INFO - Subject Coordinator: Received request with following parameters from Client:
	Subject ID = 1111
	Resource ID = 999
	Action = read
2016-10-16 17:29:05.894 - Log.coordinator - INFO - Subject Coordinator: Sending the following parameters to Resource Coordinator:
	Request ID = 07d6de14-484e-4a1d-bcbc-94616b38a748
	Subject ID = 1111
	Resource ID = 999
	Action = read
	Subject Attribute Map = {'history': ('bank A', 1476653345878578)}
	Resource Attribute Map = {}
2016-10-16 17:29:05.896 - Log.coordinator - INFO - Resource Coordinator: Received the following parameters from Subject Coordinator:
	Request ID = 07d6de14-484e-4a1d-bcbc-94616b38a748
	Subject ID = 1111
	Resource ID = 999
	Action = read
	Subject Attribute Map = {'history': ('bank A', 1476653345878578)}
	Resource Attribute Map = {}
2016-10-16 17:29:05.896 - Log.coordinator - INFO - Resource Coordinator: Sending the following parameters to Worker:
	Request ID = 07d6de14-484e-4a1d-bcbc-94616b38a748
	Subject ID = 1111
	Resource ID = 999
	Action = read
	Subject Attribute Map = {'history': ('bank A', 1476653345878578)}
	Resource Attribute Map = {}
2016-10-16 17:29:05.897 - Log.worker - INFO - Received message from coordinator for Request:
	Subject ID: 1111
	Resource ID: 1111
	Action: read}
2016-10-16 17:29:05.898 - Log.worker - INFO - Sending message to initiate database read for attributes not in cache for Request:
	Request ID = 07d6de14-484e-4a1d-bcbc-94616b38a748
	Subject ID = 1111
	Resource ID = 999
	Action = read
	Subject Attribute Map = {'history': ('bank A', 1476653345878578)}
	Resource Attribute Map = {}
2016-10-16 17:29:05.899 - Log.database - INFO - Received request from Worker to get attributes for following request:
	Request ID = 07d6de14-484e-4a1d-bcbc-94616b38a748
	Subject ID = 1111
	Resource ID = 999
	Action = read
	Subject Attribute Map = {'history': ('bank A', 1476653345878578)}
	Resource Attribute Map = {}
2016-10-16 17:29:05.899 - Log.database - INFO - Sending following response to Worker with updated attributes from database:
	Request ID = 07d6de14-484e-4a1d-bcbc-94616b38a748
	Subject ID = 1111
	Resource ID = 999
	Action = read
	Subject Attribute Map = {'history': ('bank A', 1476653345878578)}
	Resource Attribute Map = {}
	Evaluation Result = True
	Subject Map read from DB = {'position': 'employee'}
	Resource Map read from DB = {'id': 'bank A'}
2016-10-16 17:29:05.901 - Log.worker - INFO - Received following DB response:
	Request ID = 07d6de14-484e-4a1d-bcbc-94616b38a748
	Subject ID = 1111
	Resource ID = 999
	Action = read
	Subject Attribute Map = {'history': ('bank A', 1476653345878578)}
	Resource Attribute Map = {}
	Evaluation Result = True
	Subject Map read from DB = {'position': 'employee'}
	Resource Map read from DB = {'id': 'bank A'}
2016-10-16 17:29:05.901 - Log.worker - INFO - Sending following Worker Response to Subject Coordinator:
	Request ID = 07d6de14-484e-4a1d-bcbc-94616b38a748
	Subject ID = 1111
	Resource ID = 999
	Action = read
	Subject Attribute Map = {'history': ('bank A', 1476653345878578)}
	Resource Attribute Map = {}
	Evaluation Result = True
	Subject Map read from DB = {'position': 'employee'}
	Resource Map read from DB = {'id': 'bank A'}
	Map with updated subject attributes = {}
	Map with updated resource attributes = {}
	Map with read subject attributes = {'history': ('bank A', 1476653345878578)}
	Map with read resource attributes = {}
2016-10-16 17:29:05.902 - Log.coordinator - INFO - Subject Coordinator: Received the following parameters from Worker:
	Request ID = 07d6de14-484e-4a1d-bcbc-94616b38a748
	Subject ID = 1111
	Resource ID = 999
	Action = read
	Subject Attribute Map = {'history': ('bank A', 1476653345878578)}
	Resource Attribute Map = {}
	Evaluation Result = True
	Subject Map read from DB = {'position': 'employee'}
	Resource Map read from DB = {'id': 'bank A'}
	Map with updated subject attributes = {}
	Map with updated resource attributes = {}
	Map with read subject attributes = {'history': ('bank A', 1476653345878578)}
	Map with read resource attributes = {}
2016-10-16 17:29:05.903 - Log.coordinator - INFO - Subject Coordinator: No conflicts in subject attributes. Sending response to Resource Coordinator to check for resource attribute conflicts: 
	Request ID = 07d6de14-484e-4a1d-bcbc-94616b38a748
	Subject ID = 1111
	Resource ID = 999
	Action = read
	Subject Attribute Map = {'history': ('bank A', 1476653345878578)}
	Resource Attribute Map = {}
	Evaluation Result = True
	Subject Map read from DB = {'position': 'employee'}
	Resource Map read from DB = {'id': 'bank A'}
	Map with updated subject attributes = {}
	Map with updated resource attributes = {}
	Map with read subject attributes = {'history': ('bank A', 1476653345878578)}
	Map with read resource attributes = {}
2016-10-16 17:29:05.904 - Log.coordinator - INFO - Resource Coordinator: Received the following response from Subject Coordinator to check for resource attribute conflicts: 
	Request ID = 07d6de14-484e-4a1d-bcbc-94616b38a748
	Subject ID = 1111
	Resource ID = 999
	Action = read
	Subject Attribute Map = {'history': ('bank A', 1476653345878578)}
	Resource Attribute Map = {}
	Evaluation Result = True
	Subject Map read from DB = {'position': 'employee'}
	Resource Map read from DB = {'id': 'bank A'}
	Map with updated subject attributes = {}
	Map with updated resource attributes = {}
	Map with read subject attributes = {'history': ('bank A', 1476653345878578)}
	Map with read resource attributes = {}
2016-10-16 17:29:05.904 - Log.coordinator - INFO - Resource Coordinator: Sending message to DB to commit the updated resource attributes: {'999': {}}
2016-10-16 17:29:05.905 - Log.database - INFO - Received to update database for resource attributes with map: {'999': {}}. Accounting DB latency, will wait for latency of value 3 units duration before committing to DB
2016-10-16 17:29:05.906 - Log.coordinator - INFO - Resource Coordinator: Sending  back the response to Subject Coordinator with status 'conflict in resource attributes happened = False'
2016-10-16 17:29:05.907 - Log.coordinator - INFO - Subject Coordinator: Received following response from Resource Coordinator with:
	'conflict in resource attributes happened = False'

	Request ID = 07d6de14-484e-4a1d-bcbc-94616b38a748
	Subject ID = 1111
	Resource ID = 999
	Action = read
	Subject Attribute Map = {'history': ('bank A', 1476653345878578)}
	Resource Attribute Map = {}
	Evaluation Result = True
	Subject Map read from DB = {'position': 'employee'}
	Resource Map read from DB = {'id': 'bank A'}
	Map with updated subject attributes = {}
	Map with updated resource attributes = {}
	Map with read subject attributes = {'history': ('bank A', 1476653345878578)}
	Map with read resource attributes = {}
2016-10-16 17:29:05.907 - Log.coordinator - INFO - Subject Coordinator: Sending success result to Client:
	Evaluation Result = Allow
	Subject ID = 1111
	Resource ID = 999
	Action = read
2016-10-16 17:29:05.908 - Log.client - INFO - Allow access to client 1 for Request{Subject ID: 1111, Resource ID: 999, action: read}
2016-10-16 17:29:05.909 - Log.coordinator - INFO - Subject Coordinator: Sending message to DB to commit the updated subject attributes: {}
2016-10-16 17:29:05.910 - Log.database - INFO - Received to update database for subject attributes with map: {'1111': {}}. Accounting DB latency, will wait for latency of value 3 units duration before committing to DB
2016-10-16 17:29:05.912 - Log.master - INFO - All processes completed. Terminating...
2016-10-16 17:29:08.892 - Log.database - INFO - Successfully updated database for resource attributes with map: {'999': {}}
2016-10-16 17:29:08.893 - Log.database - INFO - Successfully updated database for subject attributes with map: {'1111': {'history': 'bank A'}}
2016-10-16 17:29:08.911 - Log.database - INFO - Successfully updated database for resource attributes with map: {'999': {}}
2016-10-16 17:29:08.914 - Log.database - INFO - Successfully updated database for subject attributes with map: {'1111': {}}
2016-10-16 17:29:11.917 - Log.database - INFO - Dumping final contents of DB:
	Subject Attributes = {'3333': {'position': 'listener'}, '1111': {'position': 'employee', 'history': 'bank A'}, '2222': {'position': 'viewer'}, '4444': {'viewCount': '0', 'name': 'Tom'}}
	Resource Attributes = {'777': {'viewCount': '0', 'type': 'song'}, '666': {'movie': 'StarWars'}, '888': {'viewCount': '0', 'type': 'movie'}, '999': {'id': 'bank A'}}
