2016-10-16 16:03:05.230 - Log.master - INFO - Starting the DistAlgo Project with config file: ../config/resourceConflict.ini
2016-10-16 16:03:05.316 - Log.master - INFO - Number of coordinators = 3
2016-10-16 16:03:05.317 - Log.master - INFO - Number of clients = 2
2016-10-16 16:03:05.317 - Log.master - INFO - Number of workers per coordinator = 2
2016-10-16 16:03:05.327 - Log.client - INFO - Started Client 1
2016-10-16 16:03:05.329 - Log.client - INFO - Client 1 sending Request{Subject ID: 2222, Resource ID: 888, action: viewOnResource} to coordinator 2
2016-10-16 16:03:05.329 - Log.client - INFO - Started Client 2
2016-10-16 16:03:05.333 - Log.client - INFO - Client 2 sending Request{Subject ID: 2222, Resource ID: 888, action: viewOnResource} to coordinator 2
2016-10-16 16:03:05.333 - Log.database - INFO - Started Database Instance with dbInitFile = ../config/dbPolicy.xml, Min DB Latency = 1 and Max DB Latency = 5
2016-10-16 16:03:05.335 - Log.database - INFO - Initialized DB with:
	Subject Attributes = {'4444': {'viewCount': '0', 'name': 'Tom'}, '3333': {'position': 'listener'}, '1111': {'history': '', 'position': 'employee'}, '2222': {'position': 'viewer'}}
	Resource Attributes = {'777': {'type': 'song', 'viewCount': '0'}, '666': {'movie': 'StarWars'}, '888': {'type': 'movie', 'viewCount': '0'}, '999': {'id': 'bank A'}}
2016-10-16 16:03:05.367 - Log.coordinator - INFO - Starting Coordinator with 2 workers
2016-10-16 16:03:05.370 - Log.worker - INFO - Started worker to evaluate policy in file: ../config/policy-example.xml
2016-10-16 16:03:05.371 - Log.worker - INFO - Started worker to evaluate policy in file: ../config/policy-example.xml
2016-10-16 16:03:05.371 - Log.worker - DEBUG - Content of Policy File: {'read': [<util.PolicyRule object at 0x104d02f98>, <util.PolicyRule object at 0x104d0c3c8>, <util.PolicyRule object at 0x104d0c048>, <util.PolicyRule object at 0x104d12198>], 'viewOnResource': [<util.PolicyRule object at 0x104d121d0>], 'conflict1': [<util.PolicyRule object at 0x104d12278>], 'conflict3': [<util.PolicyRule object at 0x104d122e8>], 'viewOnSubject': [<util.PolicyRule object at 0x104d12240>], 'view': [<util.PolicyRule object at 0x104d12208>], 'conflict2': [<util.PolicyRule object at 0x104d122b0>]}
2016-10-16 16:03:05.372 - Log.worker - DEBUG - Content of Policy File: {'read': [<util.PolicyRule object at 0x104d04da0>, <util.PolicyRule object at 0x104d04e48>, <util.PolicyRule object at 0x104d04ac8>, <util.PolicyRule object at 0x104d0cc18>], 'viewOnResource': [<util.PolicyRule object at 0x104d0cc50>], 'conflict1': [<util.PolicyRule object at 0x104d0ccf8>], 'conflict3': [<util.PolicyRule object at 0x104d0cd68>], 'viewOnSubject': [<util.PolicyRule object at 0x104d0ccc0>], 'view': [<util.PolicyRule object at 0x104d0cc88>], 'conflict2': [<util.PolicyRule object at 0x104d0cd30>]}
2016-10-16 16:03:05.367 - Log.coordinator - INFO - Starting Coordinator with 2 workers
2016-10-16 16:03:05.373 - Log.worker - INFO - Started worker to evaluate policy in file: ../config/policy-example.xml
2016-10-16 16:03:05.373 - Log.worker - INFO - Started worker to evaluate policy in file: ../config/policy-example.xml
2016-10-16 16:03:05.373 - Log.worker - INFO - Started worker to evaluate policy in file: ../config/policy-example.xml
2016-10-16 16:03:05.373 - Log.worker - DEBUG - Content of Policy File: {'read': [<util.PolicyRule object at 0x104d02f28>, <util.PolicyRule object at 0x104d0c518>, <util.PolicyRule object at 0x104d0c198>, <util.PolicyRule object at 0x104d122e8>], 'viewOnResource': [<util.PolicyRule object at 0x104d12320>], 'conflict1': [<util.PolicyRule object at 0x104d123c8>], 'conflict3': [<util.PolicyRule object at 0x104d12438>], 'viewOnSubject': [<util.PolicyRule object at 0x104d12390>], 'view': [<util.PolicyRule object at 0x104d12358>], 'conflict2': [<util.PolicyRule object at 0x104d12400>]}
2016-10-16 16:03:05.374 - Log.worker - DEBUG - Content of Policy File: {'read': [<util.PolicyRule object at 0x104d04f60>, <util.PolicyRule object at 0x104d04cc0>, <util.PolicyRule object at 0x104d0c048>, <util.PolicyRule object at 0x104d0cdd8>], 'viewOnResource': [<util.PolicyRule object at 0x104d0ce10>], 'conflict1': [<util.PolicyRule object at 0x104d0ceb8>], 'conflict3': [<util.PolicyRule object at 0x104d0cf28>], 'viewOnSubject': [<util.PolicyRule object at 0x104d0ce80>], 'view': [<util.PolicyRule object at 0x104d0ce48>], 'conflict2': [<util.PolicyRule object at 0x104d0cef0>]}
2016-10-16 16:03:05.370 - Log.coordinator - INFO - Starting Coordinator with 2 workers
2016-10-16 16:03:05.373 - Log.worker - DEBUG - Content of Policy File: {'read': [<util.PolicyRule object at 0x104d04eb8>, <util.PolicyRule object at 0x104d0c2e8>, <util.PolicyRule object at 0x104d0c240>, <util.PolicyRule object at 0x104d120b8>], 'viewOnResource': [<util.PolicyRule object at 0x104d120f0>], 'conflict1': [<util.PolicyRule object at 0x104d12198>], 'conflict3': [<util.PolicyRule object at 0x104d12208>], 'viewOnSubject': [<util.PolicyRule object at 0x104d12160>], 'view': [<util.PolicyRule object at 0x104d12128>], 'conflict2': [<util.PolicyRule object at 0x104d121d0>]}
2016-10-16 16:03:05.375 - Log.worker - INFO - Started worker to evaluate policy in file: ../config/policy-example.xml
2016-10-16 16:03:05.376 - Log.worker - DEBUG - Content of Policy File: {'read': [<util.PolicyRule object at 0x104d04d30>, <util.PolicyRule object at 0x104d0c128>, <util.PolicyRule object at 0x104d0c080>, <util.PolicyRule object at 0x104d0ceb8>], 'viewOnResource': [<util.PolicyRule object at 0x104d0cef0>], 'conflict1': [<util.PolicyRule object at 0x104d0cf98>], 'conflict3': [<util.PolicyRule object at 0x104d12048>], 'viewOnSubject': [<util.PolicyRule object at 0x104d0cf60>], 'view': [<util.PolicyRule object at 0x104d0cf28>], 'conflict2': [<util.PolicyRule object at 0x104d0cfd0>]}
2016-10-16 16:03:05.376 - Log.coordinator - INFO - Subject Coordinator: Received request with following parameters from Client:
	Subject ID = 2222
	Resource ID = 888
	Action = viewOnResource
2016-10-16 16:03:05.377 - Log.coordinator - INFO - Subject Coordinator: Sending the following parameters to Resource Coordinator:
	Request ID = 02203f34-a6ef-47b3-b333-ca24610d573d
	Subject ID = 2222
	Resource ID = 888
	Action = viewOnResource
	Subject Attribute Map = {}
	Resource Attribute Map = {}
2016-10-16 16:03:05.379 - Log.coordinator - INFO - Subject Coordinator: Received request with following parameters from Client:
	Subject ID = 2222
	Resource ID = 888
	Action = viewOnResource
2016-10-16 16:03:05.380 - Log.coordinator - INFO - Subject Coordinator: Sending the following parameters to Resource Coordinator:
	Request ID = 1f8be4ed-7f34-4e34-90d9-28025aa1118b
	Subject ID = 2222
	Resource ID = 888
	Action = viewOnResource
	Subject Attribute Map = {}
	Resource Attribute Map = {}
2016-10-16 16:03:05.379 - Log.coordinator - INFO - Resource Coordinator: Received the following parameters from Subject Coordinator:
	Request ID = 02203f34-a6ef-47b3-b333-ca24610d573d
	Subject ID = 2222
	Resource ID = 888
	Action = viewOnResource
	Subject Attribute Map = {}
	Resource Attribute Map = {}
2016-10-16 16:03:05.380 - Log.coordinator - INFO - Resource Coordinator: Sending the following parameters to Worker:
	Request ID = 02203f34-a6ef-47b3-b333-ca24610d573d
	Subject ID = 2222
	Resource ID = 888
	Action = viewOnResource
	Subject Attribute Map = {}
	Resource Attribute Map = {}
2016-10-16 16:03:05.383 - Log.worker - INFO - Received message from coordinator for Request:
	Subject ID: 2222
	Resource ID: 2222
	Action: viewOnResource}
2016-10-16 16:03:05.383 - Log.coordinator - INFO - Resource Coordinator: Received the following parameters from Subject Coordinator:
	Request ID = 1f8be4ed-7f34-4e34-90d9-28025aa1118b
	Subject ID = 2222
	Resource ID = 888
	Action = viewOnResource
	Subject Attribute Map = {}
	Resource Attribute Map = {}
2016-10-16 16:03:05.383 - Log.coordinator - INFO - Resource Coordinator: Sending the following parameters to Worker:
	Request ID = 1f8be4ed-7f34-4e34-90d9-28025aa1118b
	Subject ID = 2222
	Resource ID = 888
	Action = viewOnResource
	Subject Attribute Map = {}
	Resource Attribute Map = {}
2016-10-16 16:03:05.383 - Log.worker - INFO - Sending message to initiate database read for attributes not in cache for Request:
	Request ID = 02203f34-a6ef-47b3-b333-ca24610d573d
	Subject ID = 2222
	Resource ID = 888
	Action = viewOnResource
	Subject Attribute Map = {}
	Resource Attribute Map = {}
2016-10-16 16:03:05.385 - Log.worker - INFO - Received message from coordinator for Request:
	Subject ID: 2222
	Resource ID: 2222
	Action: viewOnResource}
2016-10-16 16:03:05.386 - Log.worker - INFO - Sending message to initiate database read for attributes not in cache for Request:
	Request ID = 1f8be4ed-7f34-4e34-90d9-28025aa1118b
	Subject ID = 2222
	Resource ID = 888
	Action = viewOnResource
	Subject Attribute Map = {}
	Resource Attribute Map = {}
2016-10-16 16:03:05.386 - Log.database - INFO - Received request from Worker to get attributes for following request:
	Request ID = 02203f34-a6ef-47b3-b333-ca24610d573d
	Subject ID = 2222
	Resource ID = 888
	Action = viewOnResource
	Subject Attribute Map = {}
	Resource Attribute Map = {}
2016-10-16 16:03:05.388 - Log.database - INFO - Sending following response to Worker with updated attributes from database:
	Request ID = 02203f34-a6ef-47b3-b333-ca24610d573d
	Subject ID = 2222
	Resource ID = 888
	Action = viewOnResource
	Subject Attribute Map = {}
	Resource Attribute Map = {}
	Evaluation Result = True
	Subject Map read from DB = {'position': 'viewer'}
	Resource Map read from DB = {'type': 'movie', 'viewCount': '0'}
2016-10-16 16:03:05.390 - Log.worker - INFO - Received following DB response:
	Request ID = 02203f34-a6ef-47b3-b333-ca24610d573d
	Subject ID = 2222
	Resource ID = 888
	Action = viewOnResource
	Subject Attribute Map = {}
	Resource Attribute Map = {}
	Evaluation Result = True
	Subject Map read from DB = {'position': 'viewer'}
	Resource Map read from DB = {'type': 'movie', 'viewCount': '0'}
2016-10-16 16:03:05.391 - Log.worker - INFO - Sending following Worker Response to Subject Coordinator:
	Request ID = 02203f34-a6ef-47b3-b333-ca24610d573d
	Subject ID = 2222
	Resource ID = 888
	Action = viewOnResource
	Subject Attribute Map = {}
	Resource Attribute Map = {}
	Evaluation Result = True
	Subject Map read from DB = {'position': 'viewer'}
	Resource Map read from DB = {'type': 'movie', 'viewCount': '0'}
	Map with updated subject attributes = {}
	Map with updated resource attributes = {'viewCount': '1'}
	Map with read subject attributes = {}
	Map with read resource attributes = {}
2016-10-16 16:03:05.391 - Log.database - INFO - Received request from Worker to get attributes for following request:
	Request ID = 1f8be4ed-7f34-4e34-90d9-28025aa1118b
	Subject ID = 2222
	Resource ID = 888
	Action = viewOnResource
	Subject Attribute Map = {}
	Resource Attribute Map = {}
2016-10-16 16:03:05.392 - Log.database - INFO - Sending following response to Worker with updated attributes from database:
	Request ID = 1f8be4ed-7f34-4e34-90d9-28025aa1118b
	Subject ID = 2222
	Resource ID = 888
	Action = viewOnResource
	Subject Attribute Map = {}
	Resource Attribute Map = {}
	Evaluation Result = True
	Subject Map read from DB = {'position': 'viewer'}
	Resource Map read from DB = {'type': 'movie', 'viewCount': '0'}
2016-10-16 16:03:05.394 - Log.coordinator - INFO - Subject Coordinator: Received the following parameters from Worker:
	Request ID = 02203f34-a6ef-47b3-b333-ca24610d573d
	Subject ID = 2222
	Resource ID = 888
	Action = viewOnResource
	Subject Attribute Map = {}
	Resource Attribute Map = {}
	Evaluation Result = True
	Subject Map read from DB = {'position': 'viewer'}
	Resource Map read from DB = {'type': 'movie', 'viewCount': '0'}
	Map with updated subject attributes = {}
	Map with updated resource attributes = {'viewCount': '1'}
	Map with read subject attributes = {}
	Map with read resource attributes = {}
2016-10-16 16:03:05.394 - Log.worker - INFO - Received following DB response:
	Request ID = 1f8be4ed-7f34-4e34-90d9-28025aa1118b
	Subject ID = 2222
	Resource ID = 888
	Action = viewOnResource
	Subject Attribute Map = {}
	Resource Attribute Map = {}
	Evaluation Result = True
	Subject Map read from DB = {'position': 'viewer'}
	Resource Map read from DB = {'type': 'movie', 'viewCount': '0'}
2016-10-16 16:03:05.395 - Log.coordinator - INFO - Subject Coordinator: No conflicts in subject attributes. Sending response to Resource Coordinator to check for resource attribute conflicts: 
	Request ID = 02203f34-a6ef-47b3-b333-ca24610d573d
	Subject ID = 2222
	Resource ID = 888
	Action = viewOnResource
	Subject Attribute Map = {}
	Resource Attribute Map = {}
	Evaluation Result = True
	Subject Map read from DB = {'position': 'viewer'}
	Resource Map read from DB = {'type': 'movie', 'viewCount': '0'}
	Map with updated subject attributes = {}
	Map with updated resource attributes = {'viewCount': '1'}
	Map with read subject attributes = {}
	Map with read resource attributes = {}
2016-10-16 16:03:05.395 - Log.worker - INFO - Sending following Worker Response to Subject Coordinator:
	Request ID = 1f8be4ed-7f34-4e34-90d9-28025aa1118b
	Subject ID = 2222
	Resource ID = 888
	Action = viewOnResource
	Subject Attribute Map = {}
	Resource Attribute Map = {}
	Evaluation Result = True
	Subject Map read from DB = {'position': 'viewer'}
	Resource Map read from DB = {'type': 'movie', 'viewCount': '0'}
	Map with updated subject attributes = {}
	Map with updated resource attributes = {'viewCount': '1'}
	Map with read subject attributes = {}
	Map with read resource attributes = {}
2016-10-16 16:03:05.399 - Log.coordinator - INFO - Subject Coordinator: Received the following parameters from Worker:
	Request ID = 1f8be4ed-7f34-4e34-90d9-28025aa1118b
	Subject ID = 2222
	Resource ID = 888
	Action = viewOnResource
	Subject Attribute Map = {}
	Resource Attribute Map = {}
	Evaluation Result = True
	Subject Map read from DB = {'position': 'viewer'}
	Resource Map read from DB = {'type': 'movie', 'viewCount': '0'}
	Map with updated subject attributes = {}
	Map with updated resource attributes = {'viewCount': '1'}
	Map with read subject attributes = {}
	Map with read resource attributes = {}
2016-10-16 16:03:05.397 - Log.coordinator - INFO - Resource Coordinator: Received the following response from Subject Coordinator to check for resource attribute conflicts: 
	Request ID = 02203f34-a6ef-47b3-b333-ca24610d573d
	Subject ID = 2222
	Resource ID = 888
	Action = viewOnResource
	Subject Attribute Map = {}
	Resource Attribute Map = {}
	Evaluation Result = True
	Subject Map read from DB = {'position': 'viewer'}
	Resource Map read from DB = {'type': 'movie', 'viewCount': '0'}
	Map with updated subject attributes = {}
	Map with updated resource attributes = {'viewCount': '1'}
	Map with read subject attributes = {}
	Map with read resource attributes = {}
2016-10-16 16:03:05.400 - Log.coordinator - INFO - Resource Coordinator: Sending message to DB to commit the updated resource attributes: {'888': {'viewCount': '1'}}
2016-10-16 16:03:05.402 - Log.database - INFO - Received to update database for resource attributes with map: {'888': {'viewCount': '1'}}. Accounting DB latency, will wait for latency of value 2 units duration before committing to DB
2016-10-16 16:03:05.402 - Log.coordinator - INFO - Resource Coordinator: Sending  back the response to Subject Coordinator with status 'conflict in resource attributes happened = False'
2016-10-16 16:03:05.404 - Log.coordinator - INFO - Subject Coordinator: Received following response from Resource Coordinator with:
	'conflict in resource attributes happened = False'

	Request ID = 02203f34-a6ef-47b3-b333-ca24610d573d
	Subject ID = 2222
	Resource ID = 888
	Action = viewOnResource
	Subject Attribute Map = {}
	Resource Attribute Map = {}
	Evaluation Result = True
	Subject Map read from DB = {'position': 'viewer'}
	Resource Map read from DB = {'type': 'movie', 'viewCount': '0'}
	Map with updated subject attributes = {}
	Map with updated resource attributes = {'viewCount': '1'}
	Map with read subject attributes = {}
	Map with read resource attributes = {}
2016-10-16 16:03:05.404 - Log.coordinator - INFO - Subject Coordinator: Sending success result to Client:
	Evaluation Result = Allow
	Subject ID = 2222
	Resource ID = 888
	Action = viewOnResource
2016-10-16 16:03:05.405 - Log.client - INFO - Allow access to client 2 for Request{Subject ID: 2222, Resource ID: 888, action: viewOnResource}
2016-10-16 16:03:05.405 - Log.client - INFO - Client 2 sending Request{Subject ID: 2222, Resource ID: 888, action: viewOnResource} to coordinator 2
2016-10-16 16:03:05.405 - Log.coordinator - INFO - Subject Coordinator: Sending message to DB to commit the updated subject attributes: {}
2016-10-16 16:03:05.407 - Log.database - INFO - Received to update database for subject attributes with map: {'2222': {}}. Accounting DB latency, will wait for latency of value 2 units duration before committing to DB
2016-10-16 16:03:05.407 - Log.coordinator - INFO - Subject Coordinator: No conflicts in subject attributes. Sending response to Resource Coordinator to check for resource attribute conflicts: 
	Request ID = 1f8be4ed-7f34-4e34-90d9-28025aa1118b
	Subject ID = 2222
	Resource ID = 888
	Action = viewOnResource
	Subject Attribute Map = {}
	Resource Attribute Map = {}
	Evaluation Result = True
	Subject Map read from DB = {'position': 'viewer'}
	Resource Map read from DB = {'type': 'movie', 'viewCount': '0'}
	Map with updated subject attributes = {}
	Map with updated resource attributes = {'viewCount': '1'}
	Map with read subject attributes = {}
	Map with read resource attributes = {}
2016-10-16 16:03:05.409 - Log.coordinator - INFO - Resource Coordinator: Received the following response from Subject Coordinator to check for resource attribute conflicts: 
	Request ID = 1f8be4ed-7f34-4e34-90d9-28025aa1118b
	Subject ID = 2222
	Resource ID = 888
	Action = viewOnResource
	Subject Attribute Map = {}
	Resource Attribute Map = {}
	Evaluation Result = True
	Subject Map read from DB = {'position': 'viewer'}
	Resource Map read from DB = {'type': 'movie', 'viewCount': '0'}
	Map with updated subject attributes = {}
	Map with updated resource attributes = {'viewCount': '1'}
	Map with read subject attributes = {}
	Map with read resource attributes = {}
2016-10-16 16:03:05.409 - Log.coordinator - INFO - Resource Coordinator: Conflict Happened: The attribute viewCount read from database for Request ID = 1f8be4ed-7f34-4e34-90d9-28025aa1118b, was updated by a previous request
2016-10-16 16:03:05.410 - Log.coordinator - INFO - Subject Coordinator: Received request with following parameters from Client:
	Subject ID = 2222
	Resource ID = 888
	Action = viewOnResource
2016-10-16 16:03:05.410 - Log.coordinator - INFO - Resource Coordinator: Sending  back the response to Subject Coordinator with status 'conflict in resource attributes happened = True'
2016-10-16 16:03:05.410 - Log.coordinator - INFO - Subject Coordinator: Sending the following parameters to Resource Coordinator:
	Request ID = 595aaada-9ccd-4ae4-8f49-4103299f4b80
	Subject ID = 2222
	Resource ID = 888
	Action = viewOnResource
	Subject Attribute Map = {}
	Resource Attribute Map = {}
2016-10-16 16:03:05.412 - Log.coordinator - INFO - Resource Coordinator: Received the following parameters from Subject Coordinator:
	Request ID = 595aaada-9ccd-4ae4-8f49-4103299f4b80
	Subject ID = 2222
	Resource ID = 888
	Action = viewOnResource
	Subject Attribute Map = {}
	Resource Attribute Map = {}
2016-10-16 16:03:05.412 - Log.coordinator - INFO - Subject Coordinator: Received following response from Resource Coordinator with:
	'conflict in resource attributes happened = True'

	Request ID = 1f8be4ed-7f34-4e34-90d9-28025aa1118b
	Subject ID = 2222
	Resource ID = 888
	Action = viewOnResource
	Subject Attribute Map = {}
	Resource Attribute Map = {}
	Evaluation Result = True
	Subject Map read from DB = {'position': 'viewer'}
	Resource Map read from DB = {'type': 'movie', 'viewCount': '0'}
	Map with updated subject attributes = {}
	Map with updated resource attributes = {'viewCount': '1'}
	Map with read subject attributes = {}
	Map with read resource attributes = {}
2016-10-16 16:03:05.412 - Log.coordinator - INFO - Resource Coordinator: Sending the following parameters to Worker:
	Request ID = 595aaada-9ccd-4ae4-8f49-4103299f4b80
	Subject ID = 2222
	Resource ID = 888
	Action = viewOnResource
	Subject Attribute Map = {}
	Resource Attribute Map = {'viewCount': ('1', 1476648185400222)}
2016-10-16 16:03:05.412 - Log.coordinator - INFO - Subject Coordinator: Restarting request due to conflict in resource attribute(s) for request:
	Subject ID = 2222
	Resource ID = 888
	Action = viewOnResource
2016-10-16 16:03:05.414 - Log.worker - INFO - Received message from coordinator for Request:
	Subject ID: 2222
	Resource ID: 2222
	Action: viewOnResource}
2016-10-16 16:03:05.414 - Log.worker - INFO - Sending message to initiate database read for attributes not in cache for Request:
	Request ID = 595aaada-9ccd-4ae4-8f49-4103299f4b80
	Subject ID = 2222
	Resource ID = 888
	Action = viewOnResource
	Subject Attribute Map = {}
	Resource Attribute Map = {'viewCount': ('1', 1476648185400222)}
2016-10-16 16:03:05.415 - Log.coordinator - INFO - Subject Coordinator: Received request with following parameters from Client:
	Subject ID = 2222
	Resource ID = 888
	Action = viewOnResource
2016-10-16 16:03:05.415 - Log.coordinator - INFO - Subject Coordinator: Sending the following parameters to Resource Coordinator:
	Request ID = b9edd0d3-c330-444d-b595-d7a44b79bf17
	Subject ID = 2222
	Resource ID = 888
	Action = viewOnResource
	Subject Attribute Map = {}
	Resource Attribute Map = {}
2016-10-16 16:03:05.416 - Log.database - INFO - Received request from Worker to get attributes for following request:
	Request ID = 595aaada-9ccd-4ae4-8f49-4103299f4b80
	Subject ID = 2222
	Resource ID = 888
	Action = viewOnResource
	Subject Attribute Map = {}
	Resource Attribute Map = {'viewCount': ('1', 1476648185400222)}
2016-10-16 16:03:05.416 - Log.database - INFO - Sending following response to Worker with updated attributes from database:
	Request ID = 595aaada-9ccd-4ae4-8f49-4103299f4b80
	Subject ID = 2222
	Resource ID = 888
	Action = viewOnResource
	Subject Attribute Map = {}
	Resource Attribute Map = {'viewCount': ('1', 1476648185400222)}
	Evaluation Result = True
	Subject Map read from DB = {'position': 'viewer'}
	Resource Map read from DB = {'type': 'movie'}
2016-10-16 16:03:05.417 - Log.coordinator - INFO - Resource Coordinator: Received the following parameters from Subject Coordinator:
	Request ID = b9edd0d3-c330-444d-b595-d7a44b79bf17
	Subject ID = 2222
	Resource ID = 888
	Action = viewOnResource
	Subject Attribute Map = {}
	Resource Attribute Map = {}
2016-10-16 16:03:05.417 - Log.coordinator - INFO - Resource Coordinator: Sending the following parameters to Worker:
	Request ID = b9edd0d3-c330-444d-b595-d7a44b79bf17
	Subject ID = 2222
	Resource ID = 888
	Action = viewOnResource
	Subject Attribute Map = {}
	Resource Attribute Map = {'viewCount': ('1', 1476648185400222)}
2016-10-16 16:03:05.418 - Log.worker - INFO - Received following DB response:
	Request ID = 595aaada-9ccd-4ae4-8f49-4103299f4b80
	Subject ID = 2222
	Resource ID = 888
	Action = viewOnResource
	Subject Attribute Map = {}
	Resource Attribute Map = {'viewCount': ('1', 1476648185400222)}
	Evaluation Result = True
	Subject Map read from DB = {'position': 'viewer'}
	Resource Map read from DB = {'type': 'movie'}
2016-10-16 16:03:05.418 - Log.worker - INFO - Sending following Worker Response to Subject Coordinator:
	Request ID = 595aaada-9ccd-4ae4-8f49-4103299f4b80
	Subject ID = 2222
	Resource ID = 888
	Action = viewOnResource
	Subject Attribute Map = {}
	Resource Attribute Map = {'viewCount': ('1', 1476648185400222)}
	Evaluation Result = True
	Subject Map read from DB = {'position': 'viewer'}
	Resource Map read from DB = {'type': 'movie'}
	Map with updated subject attributes = {}
	Map with updated resource attributes = {'viewCount': '2'}
	Map with read subject attributes = {}
	Map with read resource attributes = {'viewCount': ('1', 1476648185400222)}
2016-10-16 16:03:05.419 - Log.worker - INFO - Received message from coordinator for Request:
	Subject ID: 2222
	Resource ID: 2222
	Action: viewOnResource}
2016-10-16 16:03:05.419 - Log.worker - INFO - Sending message to initiate database read for attributes not in cache for Request:
	Request ID = b9edd0d3-c330-444d-b595-d7a44b79bf17
	Subject ID = 2222
	Resource ID = 888
	Action = viewOnResource
	Subject Attribute Map = {}
	Resource Attribute Map = {'viewCount': ('1', 1476648185400222)}
2016-10-16 16:03:05.420 - Log.coordinator - INFO - Subject Coordinator: Received the following parameters from Worker:
	Request ID = 595aaada-9ccd-4ae4-8f49-4103299f4b80
	Subject ID = 2222
	Resource ID = 888
	Action = viewOnResource
	Subject Attribute Map = {}
	Resource Attribute Map = {'viewCount': ('1', 1476648185400222)}
	Evaluation Result = True
	Subject Map read from DB = {'position': 'viewer'}
	Resource Map read from DB = {'type': 'movie'}
	Map with updated subject attributes = {}
	Map with updated resource attributes = {'viewCount': '2'}
	Map with read subject attributes = {}
	Map with read resource attributes = {'viewCount': ('1', 1476648185400222)}
2016-10-16 16:03:05.421 - Log.database - INFO - Received request from Worker to get attributes for following request:
	Request ID = b9edd0d3-c330-444d-b595-d7a44b79bf17
	Subject ID = 2222
	Resource ID = 888
	Action = viewOnResource
	Subject Attribute Map = {}
	Resource Attribute Map = {'viewCount': ('1', 1476648185400222)}
2016-10-16 16:03:05.421 - Log.coordinator - INFO - Subject Coordinator: No conflicts in subject attributes. Sending response to Resource Coordinator to check for resource attribute conflicts: 
	Request ID = 595aaada-9ccd-4ae4-8f49-4103299f4b80
	Subject ID = 2222
	Resource ID = 888
	Action = viewOnResource
	Subject Attribute Map = {}
	Resource Attribute Map = {'viewCount': ('1', 1476648185400222)}
	Evaluation Result = True
	Subject Map read from DB = {'position': 'viewer'}
	Resource Map read from DB = {'type': 'movie'}
	Map with updated subject attributes = {}
	Map with updated resource attributes = {'viewCount': '2'}
	Map with read subject attributes = {}
	Map with read resource attributes = {'viewCount': ('1', 1476648185400222)}
2016-10-16 16:03:05.421 - Log.database - INFO - Sending following response to Worker with updated attributes from database:
	Request ID = b9edd0d3-c330-444d-b595-d7a44b79bf17
	Subject ID = 2222
	Resource ID = 888
	Action = viewOnResource
	Subject Attribute Map = {}
	Resource Attribute Map = {'viewCount': ('1', 1476648185400222)}
	Evaluation Result = True
	Subject Map read from DB = {'position': 'viewer'}
	Resource Map read from DB = {'type': 'movie'}
2016-10-16 16:03:05.423 - Log.worker - INFO - Received following DB response:
	Request ID = b9edd0d3-c330-444d-b595-d7a44b79bf17
	Subject ID = 2222
	Resource ID = 888
	Action = viewOnResource
	Subject Attribute Map = {}
	Resource Attribute Map = {'viewCount': ('1', 1476648185400222)}
	Evaluation Result = True
	Subject Map read from DB = {'position': 'viewer'}
	Resource Map read from DB = {'type': 'movie'}
2016-10-16 16:03:05.423 - Log.coordinator - INFO - Resource Coordinator: Received the following response from Subject Coordinator to check for resource attribute conflicts: 
	Request ID = 595aaada-9ccd-4ae4-8f49-4103299f4b80
	Subject ID = 2222
	Resource ID = 888
	Action = viewOnResource
	Subject Attribute Map = {}
	Resource Attribute Map = {'viewCount': ('1', 1476648185400222)}
	Evaluation Result = True
	Subject Map read from DB = {'position': 'viewer'}
	Resource Map read from DB = {'type': 'movie'}
	Map with updated subject attributes = {}
	Map with updated resource attributes = {'viewCount': '2'}
	Map with read subject attributes = {}
	Map with read resource attributes = {'viewCount': ('1', 1476648185400222)}
2016-10-16 16:03:05.423 - Log.worker - INFO - Sending following Worker Response to Subject Coordinator:
	Request ID = b9edd0d3-c330-444d-b595-d7a44b79bf17
	Subject ID = 2222
	Resource ID = 888
	Action = viewOnResource
	Subject Attribute Map = {}
	Resource Attribute Map = {'viewCount': ('1', 1476648185400222)}
	Evaluation Result = True
	Subject Map read from DB = {'position': 'viewer'}
	Resource Map read from DB = {'type': 'movie'}
	Map with updated subject attributes = {}
	Map with updated resource attributes = {'viewCount': '2'}
	Map with read subject attributes = {}
	Map with read resource attributes = {'viewCount': ('1', 1476648185400222)}
2016-10-16 16:03:05.423 - Log.coordinator - INFO - Resource Coordinator: Sending message to DB to commit the updated resource attributes: {'888': {'viewCount': '2'}}
2016-10-16 16:03:05.425 - Log.database - INFO - Received to update database for resource attributes with map: {'888': {'viewCount': '2'}}. Accounting DB latency, will wait for latency of value 2 units duration before committing to DB
2016-10-16 16:03:05.425 - Log.coordinator - INFO - Resource Coordinator: Sending  back the response to Subject Coordinator with status 'conflict in resource attributes happened = False'
2016-10-16 16:03:05.425 - Log.coordinator - INFO - Subject Coordinator: Received the following parameters from Worker:
	Request ID = b9edd0d3-c330-444d-b595-d7a44b79bf17
	Subject ID = 2222
	Resource ID = 888
	Action = viewOnResource
	Subject Attribute Map = {}
	Resource Attribute Map = {'viewCount': ('1', 1476648185400222)}
	Evaluation Result = True
	Subject Map read from DB = {'position': 'viewer'}
	Resource Map read from DB = {'type': 'movie'}
	Map with updated subject attributes = {}
	Map with updated resource attributes = {'viewCount': '2'}
	Map with read subject attributes = {}
	Map with read resource attributes = {'viewCount': ('1', 1476648185400222)}
2016-10-16 16:03:05.427 - Log.coordinator - INFO - Subject Coordinator: Received following response from Resource Coordinator with:
	'conflict in resource attributes happened = False'

	Request ID = 595aaada-9ccd-4ae4-8f49-4103299f4b80
	Subject ID = 2222
	Resource ID = 888
	Action = viewOnResource
	Subject Attribute Map = {}
	Resource Attribute Map = {'viewCount': ('1', 1476648185400222)}
	Evaluation Result = True
	Subject Map read from DB = {'position': 'viewer'}
	Resource Map read from DB = {'type': 'movie'}
	Map with updated subject attributes = {}
	Map with updated resource attributes = {'viewCount': '2'}
	Map with read subject attributes = {}
	Map with read resource attributes = {'viewCount': ('1', 1476648185400222)}
2016-10-16 16:03:05.427 - Log.coordinator - INFO - Subject Coordinator: Sending success result to Client:
	Evaluation Result = Allow
	Subject ID = 2222
	Resource ID = 888
	Action = viewOnResource
2016-10-16 16:03:05.428 - Log.client - INFO - Allow access to client 2 for Request{Subject ID: 2222, Resource ID: 888, action: viewOnResource}
2016-10-16 16:03:05.429 - Log.coordinator - INFO - Subject Coordinator: Sending message to DB to commit the updated subject attributes: {}
2016-10-16 16:03:05.430 - Log.database - INFO - Received to update database for subject attributes with map: {'2222': {}}. Accounting DB latency, will wait for latency of value 2 units duration before committing to DB
2016-10-16 16:03:05.430 - Log.coordinator - INFO - Subject Coordinator: No conflicts in subject attributes. Sending response to Resource Coordinator to check for resource attribute conflicts: 
	Request ID = b9edd0d3-c330-444d-b595-d7a44b79bf17
	Subject ID = 2222
	Resource ID = 888
	Action = viewOnResource
	Subject Attribute Map = {}
	Resource Attribute Map = {'viewCount': ('1', 1476648185400222)}
	Evaluation Result = True
	Subject Map read from DB = {'position': 'viewer'}
	Resource Map read from DB = {'type': 'movie'}
	Map with updated subject attributes = {}
	Map with updated resource attributes = {'viewCount': '2'}
	Map with read subject attributes = {}
	Map with read resource attributes = {'viewCount': ('1', 1476648185400222)}
2016-10-16 16:03:05.432 - Log.coordinator - INFO - Resource Coordinator: Received the following response from Subject Coordinator to check for resource attribute conflicts: 
	Request ID = b9edd0d3-c330-444d-b595-d7a44b79bf17
	Subject ID = 2222
	Resource ID = 888
	Action = viewOnResource
	Subject Attribute Map = {}
	Resource Attribute Map = {'viewCount': ('1', 1476648185400222)}
	Evaluation Result = True
	Subject Map read from DB = {'position': 'viewer'}
	Resource Map read from DB = {'type': 'movie'}
	Map with updated subject attributes = {}
	Map with updated resource attributes = {'viewCount': '2'}
	Map with read subject attributes = {}
	Map with read resource attributes = {'viewCount': ('1', 1476648185400222)}
2016-10-16 16:03:05.433 - Log.coordinator - INFO - Resource Coordinator: Conflict Happened: The attribute viewCount read from resource cache for this request happened to be updated by some other previous request
2016-10-16 16:03:05.433 - Log.coordinator - INFO - Resource Coordinator: Sending  back the response to Subject Coordinator with status 'conflict in resource attributes happened = True'
2016-10-16 16:03:05.434 - Log.coordinator - INFO - Subject Coordinator: Received following response from Resource Coordinator with:
	'conflict in resource attributes happened = True'

	Request ID = b9edd0d3-c330-444d-b595-d7a44b79bf17
	Subject ID = 2222
	Resource ID = 888
	Action = viewOnResource
	Subject Attribute Map = {}
	Resource Attribute Map = {'viewCount': ('1', 1476648185400222)}
	Evaluation Result = True
	Subject Map read from DB = {'position': 'viewer'}
	Resource Map read from DB = {'type': 'movie'}
	Map with updated subject attributes = {}
	Map with updated resource attributes = {'viewCount': '2'}
	Map with read subject attributes = {}
	Map with read resource attributes = {'viewCount': ('1', 1476648185400222)}
2016-10-16 16:03:05.434 - Log.coordinator - INFO - Subject Coordinator: Restarting request due to conflict in resource attribute(s) for request:
	Subject ID = 2222
	Resource ID = 888
	Action = viewOnResource
2016-10-16 16:03:05.436 - Log.coordinator - INFO - Subject Coordinator: Received request with following parameters from Client:
	Subject ID = 2222
	Resource ID = 888
	Action = viewOnResource
2016-10-16 16:03:05.436 - Log.coordinator - INFO - Subject Coordinator: Sending the following parameters to Resource Coordinator:
	Request ID = 26efb50f-fb26-422e-9ca2-7c854fa39846
	Subject ID = 2222
	Resource ID = 888
	Action = viewOnResource
	Subject Attribute Map = {}
	Resource Attribute Map = {}
2016-10-16 16:03:05.438 - Log.coordinator - INFO - Resource Coordinator: Received the following parameters from Subject Coordinator:
	Request ID = 26efb50f-fb26-422e-9ca2-7c854fa39846
	Subject ID = 2222
	Resource ID = 888
	Action = viewOnResource
	Subject Attribute Map = {}
	Resource Attribute Map = {}
2016-10-16 16:03:05.438 - Log.coordinator - INFO - Resource Coordinator: Sending the following parameters to Worker:
	Request ID = 26efb50f-fb26-422e-9ca2-7c854fa39846
	Subject ID = 2222
	Resource ID = 888
	Action = viewOnResource
	Subject Attribute Map = {}
	Resource Attribute Map = {'viewCount': ('2', 1476648185423910)}
2016-10-16 16:03:05.439 - Log.worker - INFO - Received message from coordinator for Request:
	Subject ID: 2222
	Resource ID: 2222
	Action: viewOnResource}
2016-10-16 16:03:05.440 - Log.worker - INFO - Sending message to initiate database read for attributes not in cache for Request:
	Request ID = 26efb50f-fb26-422e-9ca2-7c854fa39846
	Subject ID = 2222
	Resource ID = 888
	Action = viewOnResource
	Subject Attribute Map = {}
	Resource Attribute Map = {'viewCount': ('2', 1476648185423910)}
2016-10-16 16:03:05.441 - Log.database - INFO - Received request from Worker to get attributes for following request:
	Request ID = 26efb50f-fb26-422e-9ca2-7c854fa39846
	Subject ID = 2222
	Resource ID = 888
	Action = viewOnResource
	Subject Attribute Map = {}
	Resource Attribute Map = {'viewCount': ('2', 1476648185423910)}
2016-10-16 16:03:05.441 - Log.database - INFO - Sending following response to Worker with updated attributes from database:
	Request ID = 26efb50f-fb26-422e-9ca2-7c854fa39846
	Subject ID = 2222
	Resource ID = 888
	Action = viewOnResource
	Subject Attribute Map = {}
	Resource Attribute Map = {'viewCount': ('2', 1476648185423910)}
	Evaluation Result = True
	Subject Map read from DB = {'position': 'viewer'}
	Resource Map read from DB = {'type': 'movie'}
2016-10-16 16:03:05.442 - Log.worker - INFO - Received following DB response:
	Request ID = 26efb50f-fb26-422e-9ca2-7c854fa39846
	Subject ID = 2222
	Resource ID = 888
	Action = viewOnResource
	Subject Attribute Map = {}
	Resource Attribute Map = {'viewCount': ('2', 1476648185423910)}
	Evaluation Result = True
	Subject Map read from DB = {'position': 'viewer'}
	Resource Map read from DB = {'type': 'movie'}
2016-10-16 16:03:05.443 - Log.worker - INFO - Sending following Worker Response to Subject Coordinator:
	Request ID = 26efb50f-fb26-422e-9ca2-7c854fa39846
	Subject ID = 2222
	Resource ID = 888
	Action = viewOnResource
	Subject Attribute Map = {}
	Resource Attribute Map = {'viewCount': ('2', 1476648185423910)}
	Evaluation Result = False
	Subject Map read from DB = {'position': 'viewer'}
	Resource Map read from DB = {'type': 'movie'}
	Map with updated subject attributes = {}
	Map with updated resource attributes = {}
	Map with read subject attributes = {}
	Map with read resource attributes = {'viewCount': ('2', 1476648185423910)}
2016-10-16 16:03:05.444 - Log.coordinator - INFO - Subject Coordinator: Received the following parameters from Worker:
	Request ID = 26efb50f-fb26-422e-9ca2-7c854fa39846
	Subject ID = 2222
	Resource ID = 888
	Action = viewOnResource
	Subject Attribute Map = {}
	Resource Attribute Map = {'viewCount': ('2', 1476648185423910)}
	Evaluation Result = False
	Subject Map read from DB = {'position': 'viewer'}
	Resource Map read from DB = {'type': 'movie'}
	Map with updated subject attributes = {}
	Map with updated resource attributes = {}
	Map with read subject attributes = {}
	Map with read resource attributes = {'viewCount': ('2', 1476648185423910)}
2016-10-16 16:03:05.444 - Log.coordinator - INFO - Subject Coordinator: Sending failure result to Client:
	Evaluation Result = Deny
	Subject ID = 2222
	Resource ID = 888
	Action = viewOnResource
2016-10-16 16:03:05.445 - Log.client - INFO - Deny access to client 1 for Request{Subject ID: 2222, Resource ID: 888, action: viewOnResource}
2016-10-16 16:03:05.446 - Log.client - INFO - Client 1 sending Request{Subject ID: 2222, Resource ID: 888, action: viewOnResource} to coordinator 2
2016-10-16 16:03:05.447 - Log.coordinator - INFO - Subject Coordinator: Received request with following parameters from Client:
	Subject ID = 2222
	Resource ID = 888
	Action = viewOnResource
2016-10-16 16:03:05.447 - Log.coordinator - INFO - Subject Coordinator: Sending the following parameters to Resource Coordinator:
	Request ID = 7657ff82-8d9e-42ae-8a57-954425deb537
	Subject ID = 2222
	Resource ID = 888
	Action = viewOnResource
	Subject Attribute Map = {}
	Resource Attribute Map = {}
2016-10-16 16:03:05.448 - Log.coordinator - INFO - Resource Coordinator: Received the following parameters from Subject Coordinator:
	Request ID = 7657ff82-8d9e-42ae-8a57-954425deb537
	Subject ID = 2222
	Resource ID = 888
	Action = viewOnResource
	Subject Attribute Map = {}
	Resource Attribute Map = {}
2016-10-16 16:03:05.449 - Log.coordinator - INFO - Resource Coordinator: Sending the following parameters to Worker:
	Request ID = 7657ff82-8d9e-42ae-8a57-954425deb537
	Subject ID = 2222
	Resource ID = 888
	Action = viewOnResource
	Subject Attribute Map = {}
	Resource Attribute Map = {'viewCount': ('2', 1476648185423910)}
2016-10-16 16:03:05.450 - Log.worker - INFO - Received message from coordinator for Request:
	Subject ID: 2222
	Resource ID: 2222
	Action: viewOnResource}
2016-10-16 16:03:05.450 - Log.worker - INFO - Sending message to initiate database read for attributes not in cache for Request:
	Request ID = 7657ff82-8d9e-42ae-8a57-954425deb537
	Subject ID = 2222
	Resource ID = 888
	Action = viewOnResource
	Subject Attribute Map = {}
	Resource Attribute Map = {'viewCount': ('2', 1476648185423910)}
2016-10-16 16:03:05.452 - Log.database - INFO - Received request from Worker to get attributes for following request:
	Request ID = 7657ff82-8d9e-42ae-8a57-954425deb537
	Subject ID = 2222
	Resource ID = 888
	Action = viewOnResource
	Subject Attribute Map = {}
	Resource Attribute Map = {'viewCount': ('2', 1476648185423910)}
2016-10-16 16:03:05.452 - Log.database - INFO - Sending following response to Worker with updated attributes from database:
	Request ID = 7657ff82-8d9e-42ae-8a57-954425deb537
	Subject ID = 2222
	Resource ID = 888
	Action = viewOnResource
	Subject Attribute Map = {}
	Resource Attribute Map = {'viewCount': ('2', 1476648185423910)}
	Evaluation Result = True
	Subject Map read from DB = {'position': 'viewer'}
	Resource Map read from DB = {'type': 'movie'}
2016-10-16 16:03:05.453 - Log.worker - INFO - Received following DB response:
	Request ID = 7657ff82-8d9e-42ae-8a57-954425deb537
	Subject ID = 2222
	Resource ID = 888
	Action = viewOnResource
	Subject Attribute Map = {}
	Resource Attribute Map = {'viewCount': ('2', 1476648185423910)}
	Evaluation Result = True
	Subject Map read from DB = {'position': 'viewer'}
	Resource Map read from DB = {'type': 'movie'}
2016-10-16 16:03:05.454 - Log.worker - INFO - Sending following Worker Response to Subject Coordinator:
	Request ID = 7657ff82-8d9e-42ae-8a57-954425deb537
	Subject ID = 2222
	Resource ID = 888
	Action = viewOnResource
	Subject Attribute Map = {}
	Resource Attribute Map = {'viewCount': ('2', 1476648185423910)}
	Evaluation Result = False
	Subject Map read from DB = {'position': 'viewer'}
	Resource Map read from DB = {'type': 'movie'}
	Map with updated subject attributes = {}
	Map with updated resource attributes = {}
	Map with read subject attributes = {}
	Map with read resource attributes = {'viewCount': ('2', 1476648185423910)}
2016-10-16 16:03:05.455 - Log.coordinator - INFO - Subject Coordinator: Received the following parameters from Worker:
	Request ID = 7657ff82-8d9e-42ae-8a57-954425deb537
	Subject ID = 2222
	Resource ID = 888
	Action = viewOnResource
	Subject Attribute Map = {}
	Resource Attribute Map = {'viewCount': ('2', 1476648185423910)}
	Evaluation Result = False
	Subject Map read from DB = {'position': 'viewer'}
	Resource Map read from DB = {'type': 'movie'}
	Map with updated subject attributes = {}
	Map with updated resource attributes = {}
	Map with read subject attributes = {}
	Map with read resource attributes = {'viewCount': ('2', 1476648185423910)}
2016-10-16 16:03:05.455 - Log.coordinator - INFO - Subject Coordinator: Sending failure result to Client:
	Evaluation Result = Deny
	Subject ID = 2222
	Resource ID = 888
	Action = viewOnResource
2016-10-16 16:03:05.456 - Log.client - INFO - Deny access to client 1 for Request{Subject ID: 2222, Resource ID: 888, action: viewOnResource}
2016-10-16 16:03:05.460 - Log.master - INFO - All processes completed. Terminating...
2016-10-16 16:03:07.403 - Log.database - INFO - Successfully updated database for resource attributes with map: {'888': {'viewCount': '1'}}
2016-10-16 16:03:07.413 - Log.database - INFO - Successfully updated database for subject attributes with map: {'2222': {}}
2016-10-16 16:03:07.431 - Log.database - INFO - Successfully updated database for resource attributes with map: {'888': {'viewCount': '2'}}
2016-10-16 16:03:07.433 - Log.database - INFO - Successfully updated database for subject attributes with map: {'2222': {}}
2016-10-16 16:03:11.470 - Log.database - INFO - Dumping final contents of DB:
	Subject Attributes = {'4444': {'viewCount': '0', 'name': 'Tom'}, '3333': {'position': 'listener'}, '1111': {'history': '', 'position': 'employee'}, '2222': {'position': 'viewer'}}
	Resource Attributes = {'777': {'type': 'song', 'viewCount': '0'}, '666': {'movie': 'StarWars'}, '888': {'type': 'movie', 'viewCount': '2'}, '999': {'id': 'bank A'}}
