2016-10-16 14:32:32.016 - Log.master - INFO - Starting the DistAlgo Project with config file: ../config/responseQueueDiffSubject.ini
2016-10-16 14:32:32.087 - Log.master - INFO - Number of coordinators = 3
2016-10-16 14:32:32.088 - Log.master - INFO - Number of clients = 2
2016-10-16 14:32:32.089 - Log.master - INFO - Number of workers per coordinator = 2
2016-10-16 14:32:32.095 - Log.database - INFO - Started Database Instance with dbInitFile = ../config/dbPolicy.xml, Min DB Latency = 1 and Max DB Latency = 5
2016-10-16 14:32:32.095 - Log.database - INFO - Initialized DB with:
	Subject Attributes = {'3333': {'position': 'listener'}, '1111': {'history': '', 'position': 'employee'}, '2222': {'position': 'viewer'}, '4444': {'viewCount': '0', 'name': 'Tom'}}
	Resource Attributes = {'999': {'id': 'bank A'}, '888': {'viewCount': '0', 'type': 'movie'}, '666': {'movie': 'starWars'}, '777': {'viewCount': '0', 'type': 'song'}}
2016-10-16 14:32:32.098 - Log.client - INFO - Started Client 1
2016-10-16 14:32:32.099 - Log.client - INFO - Client 1 sending Request{Subject ID: 1111, Resource ID: 999, action: view} to coordinator 1
2016-10-16 14:32:32.098 - Log.client - INFO - Started Client 2
2016-10-16 14:32:32.112 - Log.client - INFO - Client 2 sending Request{Subject ID: 3333, Resource ID: 777, action: read} to coordinator 0
2016-10-16 14:32:32.123 - Log.worker - INFO - Started worker to evaluate policy in file: ../config/policy-example.xml
2016-10-16 14:32:32.124 - Log.worker - DEBUG - Content of Policy File: {'conflict1': [<util.PolicyRule object at 0x10d9ad6d8>], 'conflict3': [<util.PolicyRule object at 0x10d9ad748>], 'view': [<util.PolicyRule object at 0x10d9ad668>], 'conflict2': [<util.PolicyRule object at 0x10d9ad710>], 'view2': [<util.PolicyRule object at 0x10d9ad6a0>], 'read': [<util.PolicyRule object at 0x10d9a60b8>, <util.PolicyRule object at 0x10d9a67b8>, <util.PolicyRule object at 0x10d9a6630>, <util.PolicyRule object at 0x10d9ad5f8>], 'view1': [<util.PolicyRule object at 0x10d9ad630>]}
2016-10-16 14:32:32.124 - Log.worker - INFO - Started worker to evaluate policy in file: ../config/policy-example.xml
2016-10-16 14:32:32.125 - Log.worker - DEBUG - Content of Policy File: {'conflict1': [<util.PolicyRule object at 0x10d9ac8d0>], 'conflict3': [<util.PolicyRule object at 0x10d9ac940>], 'view': [<util.PolicyRule object at 0x10d9ac860>], 'conflict2': [<util.PolicyRule object at 0x10d9ac908>], 'view2': [<util.PolicyRule object at 0x10d9ac898>], 'read': [<util.PolicyRule object at 0x10d9a62b0>, <util.PolicyRule object at 0x10d9a69b0>, <util.PolicyRule object at 0x10d9a6828>, <util.PolicyRule object at 0x10d9ac7f0>], 'view1': [<util.PolicyRule object at 0x10d9ac828>]}
2016-10-16 14:32:32.124 - Log.coordinator - INFO - Starting Coordinator with 2 workers
2016-10-16 14:32:32.126 - Log.coordinator - INFO - Subject Coordinator: Received request with following parameters from Client:
	Subject ID = 1111
	Resource ID = 999
	Action = view
2016-10-16 14:32:32.127 - Log.worker - INFO - Started worker to evaluate policy in file: ../config/policy-example.xml
2016-10-16 14:32:32.127 - Log.coordinator - INFO - Request Queue Demo: Request 95377c2e-8434-40df-86d9-31b46fdc5812 received in Subject Coordinator
2016-10-16 14:32:32.128 - Log.worker - DEBUG - Content of Policy File: {'conflict1': [<util.PolicyRule object at 0x10d9ad3c8>], 'conflict3': [<util.PolicyRule object at 0x10d9ad438>], 'view': [<util.PolicyRule object at 0x10d9ad358>], 'conflict2': [<util.PolicyRule object at 0x10d9ad400>], 'view2': [<util.PolicyRule object at 0x10d9ad390>], 'read': [<util.PolicyRule object at 0x10d99fd68>, <util.PolicyRule object at 0x10d9a74a8>, <util.PolicyRule object at 0x10d9a7320>, <util.PolicyRule object at 0x10d9ad2e8>], 'view1': [<util.PolicyRule object at 0x10d9ad320>]}
2016-10-16 14:32:32.128 - Log.worker - INFO - Started worker to evaluate policy in file: ../config/policy-example.xml
2016-10-16 14:32:32.126 - Log.coordinator - INFO - Starting Coordinator with 2 workers
2016-10-16 14:32:32.128 - Log.worker - DEBUG - Content of Policy File: {'conflict1': [<util.PolicyRule object at 0x10d9ad208>], 'conflict3': [<util.PolicyRule object at 0x10d9ad278>], 'view': [<util.PolicyRule object at 0x10d9ad198>], 'conflict2': [<util.PolicyRule object at 0x10d9ad240>], 'view2': [<util.PolicyRule object at 0x10d9ad1d0>], 'read': [<util.PolicyRule object at 0x10d99fb70>, <util.PolicyRule object at 0x10d9a62e8>, <util.PolicyRule object at 0x10d9a6160>, <util.PolicyRule object at 0x10d9ad128>], 'view1': [<util.PolicyRule object at 0x10d9ad160>]}
2016-10-16 14:32:32.128 - Log.coordinator - INFO - Subject Coordinator: Sending the following parameters to Resource Coordinator:
	Request ID = 95377c2e-8434-40df-86d9-31b46fdc5812
	Subject ID = 1111
	Resource ID = 999
	Action = view
	Subject Attribute Map = {}
	Resource Attribute Map = {}
2016-10-16 14:32:32.129 - Log.coordinator - INFO - Subject Coordinator: Received request with following parameters from Client:
	Subject ID = 3333
	Resource ID = 777
	Action = read
2016-10-16 14:32:32.131 - Log.coordinator - INFO - Request Queue Demo: Request 0cd0befa-cb5a-4d18-91dc-dc567553b7c1 received in Subject Coordinator
2016-10-16 14:32:32.132 - Log.worker - INFO - Started worker to evaluate policy in file: ../config/policy-example.xml
2016-10-16 14:32:32.133 - Log.coordinator - INFO - Subject Coordinator: Sending the following parameters to Resource Coordinator:
	Request ID = 0cd0befa-cb5a-4d18-91dc-dc567553b7c1
	Subject ID = 3333
	Resource ID = 777
	Action = read
	Subject Attribute Map = {}
	Resource Attribute Map = {}
2016-10-16 14:32:32.133 - Log.worker - INFO - Started worker to evaluate policy in file: ../config/policy-example.xml
2016-10-16 14:32:32.131 - Log.coordinator - INFO - Starting Coordinator with 2 workers
2016-10-16 14:32:32.133 - Log.worker - DEBUG - Content of Policy File: {'conflict1': [<util.PolicyRule object at 0x10d9ad4a8>], 'conflict3': [<util.PolicyRule object at 0x10d9ad518>], 'view': [<util.PolicyRule object at 0x10d9ad438>], 'conflict2': [<util.PolicyRule object at 0x10d9ad4e0>], 'view2': [<util.PolicyRule object at 0x10d9ad470>], 'read': [<util.PolicyRule object at 0x10d99fe10>, <util.PolicyRule object at 0x10d9a7588>, <util.PolicyRule object at 0x10d9a7400>, <util.PolicyRule object at 0x10d9ad3c8>], 'view1': [<util.PolicyRule object at 0x10d9ad400>]}
2016-10-16 14:32:32.133 - Log.worker - DEBUG - Content of Policy File: {'conflict1': [<util.PolicyRule object at 0x10d9ad668>], 'conflict3': [<util.PolicyRule object at 0x10d9ad6d8>], 'view': [<util.PolicyRule object at 0x10d9ad5f8>], 'conflict2': [<util.PolicyRule object at 0x10d9ad6a0>], 'view2': [<util.PolicyRule object at 0x10d9ad630>], 'read': [<util.PolicyRule object at 0x10d99ffd0>, <util.PolicyRule object at 0x10d9a6748>, <util.PolicyRule object at 0x10d9a65c0>, <util.PolicyRule object at 0x10d9ad588>], 'view1': [<util.PolicyRule object at 0x10d9ad5c0>]}
2016-10-16 14:32:32.136 - Log.coordinator - INFO - Resource Coordinator: Received the following parameters from Subject Coordinator:
	Request ID = 95377c2e-8434-40df-86d9-31b46fdc5812
	Subject ID = 1111
	Resource ID = 999
	Action = view
	Subject Attribute Map = {}
	Resource Attribute Map = {}
2016-10-16 14:32:32.136 - Log.coordinator - INFO - Request Queue Demo: Request 95377c2e-8434-40df-86d9-31b46fdc5812 received in Resource Coordinator
2016-10-16 14:32:32.137 - Log.coordinator - INFO - Resource Coordinator: Sending the following parameters to Worker:
	Request ID = 95377c2e-8434-40df-86d9-31b46fdc5812
	Subject ID = 1111
	Resource ID = 999
	Action = view
	Subject Attribute Map = {}
	Resource Attribute Map = {}
2016-10-16 14:32:32.138 - Log.worker - INFO - Received message from coordinator for Request:
	Subject ID: 1111
	Resource ID: 1111
	Action: view}
2016-10-16 14:32:32.139 - Log.coordinator - INFO - Resource Coordinator: Received the following parameters from Subject Coordinator:
	Request ID = 0cd0befa-cb5a-4d18-91dc-dc567553b7c1
	Subject ID = 3333
	Resource ID = 777
	Action = read
	Subject Attribute Map = {}
	Resource Attribute Map = {}
2016-10-16 14:32:32.139 - Log.worker - INFO - Request Queue Demo: Request 95377c2e-8434-40df-86d9-31b46fdc5812 received in Worker
2016-10-16 14:32:32.139 - Log.coordinator - INFO - Request Queue Demo: Request 0cd0befa-cb5a-4d18-91dc-dc567553b7c1 received in Resource Coordinator
2016-10-16 14:32:32.139 - Log.coordinator - INFO - Resource Coordinator: Sending the following parameters to Worker:
	Request ID = 0cd0befa-cb5a-4d18-91dc-dc567553b7c1
	Subject ID = 3333
	Resource ID = 777
	Action = read
	Subject Attribute Map = {}
	Resource Attribute Map = {}
2016-10-16 14:32:32.139 - Log.worker - INFO - Request Queue Demo: Added worker delay to request 95377c2e-8434-40df-86d9-31b46fdc5812
2016-10-16 14:32:32.141 - Log.worker - INFO - Received message from coordinator for Request:
	Subject ID: 3333
	Resource ID: 3333
	Action: read}
2016-10-16 14:32:32.141 - Log.worker - INFO - Request Queue Demo: Request 0cd0befa-cb5a-4d18-91dc-dc567553b7c1 received in Worker
2016-10-16 14:32:32.142 - Log.worker - INFO - Sending message to initiate database read for attributes not in cache for Request:
	Request ID = 0cd0befa-cb5a-4d18-91dc-dc567553b7c1
	Subject ID = 3333
	Resource ID = 777
	Action = read
	Subject Attribute Map = {}
	Resource Attribute Map = {}
2016-10-16 14:32:32.144 - Log.database - INFO - Received request from Worker to get attributes for following request:
	Request ID = 0cd0befa-cb5a-4d18-91dc-dc567553b7c1
	Subject ID = 3333
	Resource ID = 777
	Action = read
	Subject Attribute Map = {}
	Resource Attribute Map = {}
2016-10-16 14:32:32.145 - Log.database - INFO - Sending following response to Worker with updated attributes from database:
	Request ID = 0cd0befa-cb5a-4d18-91dc-dc567553b7c1
	Subject ID = 3333
	Resource ID = 777
	Action = read
	Subject Attribute Map = {}
	Resource Attribute Map = {}
	Evaluation Result = True
	Subject Map read from DB = {'history': '', 'position': 'listener'}
	Resource Map read from DB = {'id': ''}
2016-10-16 14:32:32.146 - Log.worker - INFO - Received following DB response:
	Request ID = 0cd0befa-cb5a-4d18-91dc-dc567553b7c1
	Subject ID = 3333
	Resource ID = 777
	Action = read
	Subject Attribute Map = {}
	Resource Attribute Map = {}
	Evaluation Result = True
	Subject Map read from DB = {'history': '', 'position': 'listener'}
	Resource Map read from DB = {'id': ''}
2016-10-16 14:32:32.147 - Log.worker - INFO - Sending following Worker Response to Subject Coordinator:
	Request ID = 0cd0befa-cb5a-4d18-91dc-dc567553b7c1
	Subject ID = 3333
	Resource ID = 777
	Action = read
	Subject Attribute Map = {}
	Resource Attribute Map = {}
	Evaluation Result = False
	Subject Map read from DB = {'history': '', 'position': 'listener'}
	Resource Map read from DB = {}
	Map with updated subject attributes = {}
	Map with updated resource attributes = {}
	Map with read subject attributes = {}
	Map with read resource attributes = {}
2016-10-16 14:32:32.149 - Log.coordinator - INFO - Subject Coordinator: Received the following parameters from Worker:
	Request ID = 0cd0befa-cb5a-4d18-91dc-dc567553b7c1
	Subject ID = 3333
	Resource ID = 777
	Action = read
	Subject Attribute Map = {}
	Resource Attribute Map = {}
	Evaluation Result = False
	Subject Map read from DB = {'history': '', 'position': 'listener'}
	Resource Map read from DB = {}
	Map with updated subject attributes = {}
	Map with updated resource attributes = {}
	Map with read subject attributes = {}
	Map with read resource attributes = {}
2016-10-16 14:32:32.149 - Log.coordinator - INFO - Request queue Demo: Response from Worker for Request 0cd0befa-cb5a-4d18-91dc-dc567553b7c1 received in Subject Coordinator
2016-10-16 14:32:32.149 - Log.coordinator - INFO - Request queue Demo: Servicing response for request 0cd0befa-cb5a-4d18-91dc-dc567553b7c1
2016-10-16 14:32:32.150 - Log.coordinator - INFO - Subject Coordinator: Sending failure result to Client:
	Evaluation Result = Deny
	Subject ID = 3333
	Resource ID = 777
	Action = read
2016-10-16 14:32:32.151 - Log.client - INFO - Deny access to client 2 for Request{Subject ID: 3333, Resource ID: 777, action: read}
2016-10-16 14:32:33.140 - Log.worker - INFO - Sending message to initiate database read for attributes not in cache for Request:
	Request ID = 95377c2e-8434-40df-86d9-31b46fdc5812
	Subject ID = 1111
	Resource ID = 999
	Action = view
	Subject Attribute Map = {}
	Resource Attribute Map = {}
2016-10-16 14:32:33.142 - Log.database - INFO - Received request from Worker to get attributes for following request:
	Request ID = 95377c2e-8434-40df-86d9-31b46fdc5812
	Subject ID = 1111
	Resource ID = 999
	Action = view
	Subject Attribute Map = {}
	Resource Attribute Map = {}
2016-10-16 14:32:33.142 - Log.database - INFO - Sending following response to Worker with updated attributes from database:
	Request ID = 95377c2e-8434-40df-86d9-31b46fdc5812
	Subject ID = 1111
	Resource ID = 999
	Action = view
	Subject Attribute Map = {}
	Resource Attribute Map = {}
	Evaluation Result = True
	Subject Map read from DB = {'position': 'employee'}
	Resource Map read from DB = {'viewCount': '', 'type': ''}
2016-10-16 14:32:33.144 - Log.worker - INFO - Received following DB response:
	Request ID = 95377c2e-8434-40df-86d9-31b46fdc5812
	Subject ID = 1111
	Resource ID = 999
	Action = view
	Subject Attribute Map = {}
	Resource Attribute Map = {}
	Evaluation Result = True
	Subject Map read from DB = {'position': 'employee'}
	Resource Map read from DB = {'viewCount': '', 'type': ''}
2016-10-16 14:32:33.144 - Log.worker - INFO - Sending following Worker Response to Subject Coordinator:
	Request ID = 95377c2e-8434-40df-86d9-31b46fdc5812
	Subject ID = 1111
	Resource ID = 999
	Action = view
	Subject Attribute Map = {}
	Resource Attribute Map = {}
	Evaluation Result = False
	Subject Map read from DB = {'position': 'employee'}
	Resource Map read from DB = {}
	Map with updated subject attributes = {}
	Map with updated resource attributes = {}
	Map with read subject attributes = {}
	Map with read resource attributes = {}
2016-10-16 14:32:33.146 - Log.coordinator - INFO - Subject Coordinator: Received the following parameters from Worker:
	Request ID = 95377c2e-8434-40df-86d9-31b46fdc5812
	Subject ID = 1111
	Resource ID = 999
	Action = view
	Subject Attribute Map = {}
	Resource Attribute Map = {}
	Evaluation Result = False
	Subject Map read from DB = {'position': 'employee'}
	Resource Map read from DB = {}
	Map with updated subject attributes = {}
	Map with updated resource attributes = {}
	Map with read subject attributes = {}
	Map with read resource attributes = {}
2016-10-16 14:32:33.147 - Log.coordinator - INFO - Request queue Demo: Response from Worker for Request 95377c2e-8434-40df-86d9-31b46fdc5812 received in Subject Coordinator
2016-10-16 14:32:33.147 - Log.coordinator - INFO - Request queue Demo: Servicing response for request 95377c2e-8434-40df-86d9-31b46fdc5812
2016-10-16 14:32:33.147 - Log.coordinator - INFO - Subject Coordinator: Sending failure result to Client:
	Evaluation Result = Deny
	Subject ID = 1111
	Resource ID = 999
	Action = view
2016-10-16 14:32:33.149 - Log.client - INFO - Deny access to client 1 for Request{Subject ID: 1111, Resource ID: 999, action: view}
2016-10-16 14:32:33.152 - Log.master - INFO - All processes completed. Terminating...
2016-10-16 14:32:39.161 - Log.database - INFO - Dumping final contents of DB:
	Subject Attributes = {'3333': {'history': '', 'position': 'listener'}, '1111': {'history': '', 'position': 'employee'}, '2222': {'position': 'viewer'}, '4444': {'viewCount': '0', 'name': 'Tom'}}
	Resource Attributes = {'999': {'viewCount': '', 'id': 'bank A', 'type': ''}, '888': {'viewCount': '0', 'type': 'movie'}, '666': {'movie': 'starWars'}, '777': {'viewCount': '0', 'id': '', 'type': 'song'}}
